10-Nov-2022 10:25:29.442 INFO [main] org.apache.catalina.startup.VersionLoggerListener.log Server version name:   Apache Tomcat/8.5.76
10-Nov-2022 10:25:29.455 INFO [main] org.apache.catalina.startup.VersionLoggerListener.log Server built:          Feb 23 2022 17:59:11 UTC
10-Nov-2022 10:25:29.455 INFO [main] org.apache.catalina.startup.VersionLoggerListener.log Server version number: 8.5.76.0
10-Nov-2022 10:25:29.455 INFO [main] org.apache.catalina.startup.VersionLoggerListener.log OS Name:               Linux
10-Nov-2022 10:25:29.455 INFO [main] org.apache.catalina.startup.VersionLoggerListener.log OS Version:            4.18.0-348.7.1.el8_5.x86_64
10-Nov-2022 10:25:29.455 INFO [main] org.apache.catalina.startup.VersionLoggerListener.log Architecture:          amd64
10-Nov-2022 10:25:29.455 INFO [main] org.apache.catalina.startup.VersionLoggerListener.log Java Home:             /usr/lib/jvm/java-1.8.0-openjdk-1.8.0.312.b07-2.el8_5.x86_64/jre
10-Nov-2022 10:25:29.455 INFO [main] org.apache.catalina.startup.VersionLoggerListener.log JVM Version:           1.8.0_312-b07
10-Nov-2022 10:25:29.455 INFO [main] org.apache.catalina.startup.VersionLoggerListener.log JVM Vendor:            Red Hat, Inc.
10-Nov-2022 10:25:29.455 INFO [main] org.apache.catalina.startup.VersionLoggerListener.log CATALINA_BASE:         /exports/syca221574/tomcat
10-Nov-2022 10:25:29.455 INFO [main] org.apache.catalina.startup.VersionLoggerListener.log CATALINA_HOME:         /exports/syca221574/tomcat
10-Nov-2022 10:25:29.455 INFO [main] org.apache.catalina.startup.VersionLoggerListener.log Command line argument: -Djava.util.logging.config.file=/exports/syca221574/tomcat/conf/logging.properties
10-Nov-2022 10:25:29.455 INFO [main] org.apache.catalina.startup.VersionLoggerListener.log Command line argument: -Djava.util.logging.manager=org.apache.juli.ClassLoaderLogManager
10-Nov-2022 10:25:29.455 INFO [main] org.apache.catalina.startup.VersionLoggerListener.log Command line argument: -Djdk.tls.ephemeralDHKeySize=2048
10-Nov-2022 10:25:29.455 INFO [main] org.apache.catalina.startup.VersionLoggerListener.log Command line argument: -Djava.protocol.handler.pkgs=org.apache.catalina.webresources
10-Nov-2022 10:25:29.455 INFO [main] org.apache.catalina.startup.VersionLoggerListener.log Command line argument: -Dorg.apache.catalina.security.SecurityListener.UMASK=0027
10-Nov-2022 10:25:29.455 INFO [main] org.apache.catalina.startup.VersionLoggerListener.log Command line argument: -Dignore.endorsed.dirs=
10-Nov-2022 10:25:29.460 INFO [main] org.apache.catalina.startup.VersionLoggerListener.log Command line argument: -Dcatalina.base=/exports/syca221574/tomcat
10-Nov-2022 10:25:29.460 INFO [main] org.apache.catalina.startup.VersionLoggerListener.log Command line argument: -Dcatalina.home=/exports/syca221574/tomcat
10-Nov-2022 10:25:29.460 INFO [main] org.apache.catalina.startup.VersionLoggerListener.log Command line argument: -Djava.io.tmpdir=/exports/syca221574/tomcat/temp
10-Nov-2022 10:25:29.460 INFO [main] org.apache.catalina.core.AprLifecycleListener.lifecycleEvent The Apache Tomcat Native library which allows using OpenSSL was not found on the java.library.path: [/usr/java/packages/lib/amd64:/usr/lib64:/lib64:/lib:/usr/lib]
10-Nov-2022 10:25:29.553 INFO [main] org.apache.coyote.AbstractProtocol.init Initializing ProtocolHandler ["http-nio-8080"]
10-Nov-2022 10:25:29.564 INFO [main] org.apache.catalina.startup.Catalina.load Initialization processed in 546 ms
10-Nov-2022 10:25:29.582 INFO [main] org.apache.catalina.core.StandardService.startInternal Starting service [Catalina]
10-Nov-2022 10:25:29.582 INFO [main] org.apache.catalina.core.StandardEngine.startInternal Starting Servlet engine: [Apache Tomcat/8.5.76]
10-Nov-2022 10:25:29.593 INFO [localhost-startStop-1] org.apache.catalina.startup.HostConfig.deployDirectory Deploying web application directory [/exports/syca221574/tomcat/webapps/examples]
10-Nov-2022 10:25:30.034 INFO [localhost-startStop-1] org.apache.jasper.servlet.TldScanner.scanJars At least one JAR was scanned for TLDs yet contained no TLDs. Enable debug logging for this logger for a complete list of JARs that were scanned but no TLDs were found in them. Skipping unneeded JARs during scanning can improve startup time and JSP compilation time.
10-Nov-2022 10:25:30.091 INFO [localhost-startStop-1] org.apache.catalina.startup.HostConfig.deployDirectory Deployment of web application directory [/exports/syca221574/tomcat/webapps/examples] has finished in [498] ms
10-Nov-2022 10:25:30.091 INFO [localhost-startStop-1] org.apache.catalina.startup.HostConfig.deployDirectory Deploying web application directory [/exports/syca221574/tomcat/webapps/host-manager]
10-Nov-2022 10:25:30.184 INFO [localhost-startStop-1] org.apache.jasper.servlet.TldScanner.scanJars At least one JAR was scanned for TLDs yet contained no TLDs. Enable debug logging for this logger for a complete list of JARs that were scanned but no TLDs were found in them. Skipping unneeded JARs during scanning can improve startup time and JSP compilation time.
10-Nov-2022 10:25:30.186 INFO [localhost-startStop-1] org.apache.catalina.startup.HostConfig.deployDirectory Deployment of web application directory [/exports/syca221574/tomcat/webapps/host-manager] has finished in [95] ms
10-Nov-2022 10:25:30.186 INFO [localhost-startStop-1] org.apache.catalina.startup.HostConfig.deployDirectory Deploying web application directory [/exports/syca221574/tomcat/webapps/ROOT]
10-Nov-2022 10:25:30.282 INFO [localhost-startStop-1] org.apache.jasper.servlet.TldScanner.scanJars At least one JAR was scanned for TLDs yet contained no TLDs. Enable debug logging for this logger for a complete list of JARs that were scanned but no TLDs were found in them. Skipping unneeded JARs during scanning can improve startup time and JSP compilation time.
10-Nov-2022 10:25:30.283 INFO [localhost-startStop-1] org.apache.catalina.startup.HostConfig.deployDirectory Deployment of web application directory [/exports/syca221574/tomcat/webapps/ROOT] has finished in [97] ms
10-Nov-2022 10:25:30.284 INFO [localhost-startStop-1] org.apache.catalina.startup.HostConfig.deployDirectory Deploying web application directory [/exports/syca221574/tomcat/webapps/docs]
10-Nov-2022 10:25:30.368 INFO [localhost-startStop-1] org.apache.jasper.servlet.TldScanner.scanJars At least one JAR was scanned for TLDs yet contained no TLDs. Enable debug logging for this logger for a complete list of JARs that were scanned but no TLDs were found in them. Skipping unneeded JARs during scanning can improve startup time and JSP compilation time.
10-Nov-2022 10:25:30.369 INFO [localhost-startStop-1] org.apache.catalina.startup.HostConfig.deployDirectory Deployment of web application directory [/exports/syca221574/tomcat/webapps/docs] has finished in [85] ms
10-Nov-2022 10:25:30.369 INFO [localhost-startStop-1] org.apache.catalina.startup.HostConfig.deployDirectory Deploying web application directory [/exports/syca221574/tomcat/webapps/manager]
10-Nov-2022 10:25:30.450 INFO [localhost-startStop-1] org.apache.jasper.servlet.TldScanner.scanJars At least one JAR was scanned for TLDs yet contained no TLDs. Enable debug logging for this logger for a complete list of JARs that were scanned but no TLDs were found in them. Skipping unneeded JARs during scanning can improve startup time and JSP compilation time.
10-Nov-2022 10:25:30.452 INFO [localhost-startStop-1] org.apache.catalina.startup.HostConfig.deployDirectory Deployment of web application directory [/exports/syca221574/tomcat/webapps/manager] has finished in [83] ms
10-Nov-2022 10:25:30.454 INFO [main] org.apache.coyote.AbstractProtocol.start Starting ProtocolHandler ["http-nio-8080"]
10-Nov-2022 10:25:30.459 INFO [main] org.apache.catalina.startup.Catalina.start Server startup in 895 ms
