09-Nov-2022 14:21:23.247 INFO [main] org.apache.catalina.startup.VersionLoggerListener.log Server version name:   Apache Tomcat/8.5.76
09-Nov-2022 14:21:23.260 INFO [main] org.apache.catalina.startup.VersionLoggerListener.log Server built:          Feb 23 2022 17:59:11 UTC
09-Nov-2022 14:21:23.260 INFO [main] org.apache.catalina.startup.VersionLoggerListener.log Server version number: 8.5.76.0
09-Nov-2022 14:21:23.260 INFO [main] org.apache.catalina.startup.VersionLoggerListener.log OS Name:               Linux
09-Nov-2022 14:21:23.260 INFO [main] org.apache.catalina.startup.VersionLoggerListener.log OS Version:            4.18.0-348.7.1.el8_5.x86_64
09-Nov-2022 14:21:23.260 INFO [main] org.apache.catalina.startup.VersionLoggerListener.log Architecture:          amd64
09-Nov-2022 14:21:23.260 INFO [main] org.apache.catalina.startup.VersionLoggerListener.log Java Home:             /usr/lib/jvm/java-1.8.0-openjdk-1.8.0.312.b07-2.el8_5.x86_64/jre
09-Nov-2022 14:21:23.260 INFO [main] org.apache.catalina.startup.VersionLoggerListener.log JVM Version:           1.8.0_312-b07
09-Nov-2022 14:21:23.260 INFO [main] org.apache.catalina.startup.VersionLoggerListener.log JVM Vendor:            Red Hat, Inc.
09-Nov-2022 14:21:23.260 INFO [main] org.apache.catalina.startup.VersionLoggerListener.log CATALINA_BASE:         /exports/syca221574/tomcat
09-Nov-2022 14:21:23.260 INFO [main] org.apache.catalina.startup.VersionLoggerListener.log CATALINA_HOME:         /exports/syca221574/tomcat
09-Nov-2022 14:21:23.261 INFO [main] org.apache.catalina.startup.VersionLoggerListener.log Command line argument: -Djava.util.logging.config.file=/exports/syca221574/tomcat/conf/logging.properties
09-Nov-2022 14:21:23.261 INFO [main] org.apache.catalina.startup.VersionLoggerListener.log Command line argument: -Djava.util.logging.manager=org.apache.juli.ClassLoaderLogManager
09-Nov-2022 14:21:23.261 INFO [main] org.apache.catalina.startup.VersionLoggerListener.log Command line argument: -Djdk.tls.ephemeralDHKeySize=2048
09-Nov-2022 14:21:23.261 INFO [main] org.apache.catalina.startup.VersionLoggerListener.log Command line argument: -Djava.protocol.handler.pkgs=org.apache.catalina.webresources
09-Nov-2022 14:21:23.261 INFO [main] org.apache.catalina.startup.VersionLoggerListener.log Command line argument: -Dorg.apache.catalina.security.SecurityListener.UMASK=0027
09-Nov-2022 14:21:23.261 INFO [main] org.apache.catalina.startup.VersionLoggerListener.log Command line argument: -Dignore.endorsed.dirs=
09-Nov-2022 14:21:23.266 INFO [main] org.apache.catalina.startup.VersionLoggerListener.log Command line argument: -Dcatalina.base=/exports/syca221574/tomcat
09-Nov-2022 14:21:23.266 INFO [main] org.apache.catalina.startup.VersionLoggerListener.log Command line argument: -Dcatalina.home=/exports/syca221574/tomcat
09-Nov-2022 14:21:23.266 INFO [main] org.apache.catalina.startup.VersionLoggerListener.log Command line argument: -Djava.io.tmpdir=/exports/syca221574/tomcat/temp
09-Nov-2022 14:21:23.266 INFO [main] org.apache.catalina.core.AprLifecycleListener.lifecycleEvent The Apache Tomcat Native library which allows using OpenSSL was not found on the java.library.path: [/usr/java/packages/lib/amd64:/usr/lib64:/lib64:/lib:/usr/lib]
09-Nov-2022 14:21:23.354 INFO [main] org.apache.coyote.AbstractProtocol.init Initializing ProtocolHandler ["http-nio-8080"]
09-Nov-2022 14:21:23.365 INFO [main] org.apache.catalina.startup.Catalina.load Initialization processed in 530 ms
09-Nov-2022 14:21:23.381 INFO [main] org.apache.catalina.core.StandardService.startInternal Starting service [Catalina]
09-Nov-2022 14:21:23.382 INFO [main] org.apache.catalina.core.StandardEngine.startInternal Starting Servlet engine: [Apache Tomcat/8.5.76]
09-Nov-2022 14:21:23.393 INFO [localhost-startStop-1] org.apache.catalina.startup.HostConfig.deployDirectory Deploying web application directory [/exports/syca221574/tomcat/webapps/examples]
09-Nov-2022 14:21:23.833 INFO [localhost-startStop-1] org.apache.jasper.servlet.TldScanner.scanJars At least one JAR was scanned for TLDs yet contained no TLDs. Enable debug logging for this logger for a complete list of JARs that were scanned but no TLDs were found in them. Skipping unneeded JARs during scanning can improve startup time and JSP compilation time.
09-Nov-2022 14:21:23.891 INFO [localhost-startStop-1] org.apache.catalina.startup.HostConfig.deployDirectory Deployment of web application directory [/exports/syca221574/tomcat/webapps/examples] has finished in [498] ms
09-Nov-2022 14:21:23.891 INFO [localhost-startStop-1] org.apache.catalina.startup.HostConfig.deployDirectory Deploying web application directory [/exports/syca221574/tomcat/webapps/host-manager]
09-Nov-2022 14:21:23.986 INFO [localhost-startStop-1] org.apache.jasper.servlet.TldScanner.scanJars At least one JAR was scanned for TLDs yet contained no TLDs. Enable debug logging for this logger for a complete list of JARs that were scanned but no TLDs were found in them. Skipping unneeded JARs during scanning can improve startup time and JSP compilation time.
09-Nov-2022 14:21:23.988 INFO [localhost-startStop-1] org.apache.catalina.startup.HostConfig.deployDirectory Deployment of web application directory [/exports/syca221574/tomcat/webapps/host-manager] has finished in [97] ms
09-Nov-2022 14:21:23.988 INFO [localhost-startStop-1] org.apache.catalina.startup.HostConfig.deployDirectory Deploying web application directory [/exports/syca221574/tomcat/webapps/ROOT]
09-Nov-2022 14:21:24.077 INFO [localhost-startStop-1] org.apache.jasper.servlet.TldScanner.scanJars At least one JAR was scanned for TLDs yet contained no TLDs. Enable debug logging for this logger for a complete list of JARs that were scanned but no TLDs were found in them. Skipping unneeded JARs during scanning can improve startup time and JSP compilation time.
09-Nov-2022 14:21:24.079 INFO [localhost-startStop-1] org.apache.catalina.startup.HostConfig.deployDirectory Deployment of web application directory [/exports/syca221574/tomcat/webapps/ROOT] has finished in [91] ms
09-Nov-2022 14:21:24.079 INFO [localhost-startStop-1] org.apache.catalina.startup.HostConfig.deployDirectory Deploying web application directory [/exports/syca221574/tomcat/webapps/docs]
09-Nov-2022 14:21:24.164 INFO [localhost-startStop-1] org.apache.jasper.servlet.TldScanner.scanJars At least one JAR was scanned for TLDs yet contained no TLDs. Enable debug logging for this logger for a complete list of JARs that were scanned but no TLDs were found in them. Skipping unneeded JARs during scanning can improve startup time and JSP compilation time.
09-Nov-2022 14:21:24.166 INFO [localhost-startStop-1] org.apache.catalina.startup.HostConfig.deployDirectory Deployment of web application directory [/exports/syca221574/tomcat/webapps/docs] has finished in [87] ms
09-Nov-2022 14:21:24.166 INFO [localhost-startStop-1] org.apache.catalina.startup.HostConfig.deployDirectory Deploying web application directory [/exports/syca221574/tomcat/webapps/manager]
09-Nov-2022 14:21:24.245 INFO [localhost-startStop-1] org.apache.jasper.servlet.TldScanner.scanJars At least one JAR was scanned for TLDs yet contained no TLDs. Enable debug logging for this logger for a complete list of JARs that were scanned but no TLDs were found in them. Skipping unneeded JARs during scanning can improve startup time and JSP compilation time.
09-Nov-2022 14:21:24.247 INFO [localhost-startStop-1] org.apache.catalina.startup.HostConfig.deployDirectory Deployment of web application directory [/exports/syca221574/tomcat/webapps/manager] has finished in [81] ms
09-Nov-2022 14:21:24.248 INFO [main] org.apache.coyote.AbstractProtocol.start Starting ProtocolHandler ["http-nio-8080"]
09-Nov-2022 14:21:24.254 INFO [main] org.apache.catalina.startup.Catalina.start Server startup in 889 ms
09-Nov-2022 14:37:46.642 INFO [main] org.apache.catalina.core.StandardServer.await A valid shutdown command was received via the shutdown port. Stopping the Server instance.
09-Nov-2022 14:37:46.642 INFO [main] org.apache.coyote.AbstractProtocol.pause Pausing ProtocolHandler ["http-nio-8080"]
09-Nov-2022 14:37:46.643 INFO [main] org.apache.catalina.core.StandardService.stopInternal Stopping service [Catalina]
09-Nov-2022 14:37:46.666 INFO [main] org.apache.coyote.AbstractProtocol.stop Stopping ProtocolHandler ["http-nio-8080"]
09-Nov-2022 14:37:46.675 INFO [main] org.apache.coyote.AbstractProtocol.destroy Destroying ProtocolHandler ["http-nio-8080"]
09-Nov-2022 14:37:48.411 INFO [main] org.apache.catalina.startup.VersionLoggerListener.log Server version name:   Apache Tomcat/8.5.76
09-Nov-2022 14:37:48.412 INFO [main] org.apache.catalina.startup.VersionLoggerListener.log Server built:          Feb 23 2022 17:59:11 UTC
09-Nov-2022 14:37:48.412 INFO [main] org.apache.catalina.startup.VersionLoggerListener.log Server version number: 8.5.76.0
09-Nov-2022 14:37:48.412 INFO [main] org.apache.catalina.startup.VersionLoggerListener.log OS Name:               Linux
09-Nov-2022 14:37:48.412 INFO [main] org.apache.catalina.startup.VersionLoggerListener.log OS Version:            4.18.0-348.7.1.el8_5.x86_64
09-Nov-2022 14:37:48.412 INFO [main] org.apache.catalina.startup.VersionLoggerListener.log Architecture:          amd64
09-Nov-2022 14:37:48.412 INFO [main] org.apache.catalina.startup.VersionLoggerListener.log Java Home:             /usr/lib/jvm/java-1.8.0-openjdk-1.8.0.312.b07-2.el8_5.x86_64/jre
09-Nov-2022 14:37:48.412 INFO [main] org.apache.catalina.startup.VersionLoggerListener.log JVM Version:           1.8.0_312-b07
09-Nov-2022 14:37:48.412 INFO [main] org.apache.catalina.startup.VersionLoggerListener.log JVM Vendor:            Red Hat, Inc.
09-Nov-2022 14:37:48.412 INFO [main] org.apache.catalina.startup.VersionLoggerListener.log CATALINA_BASE:         /exports/syca221574/tomcat
09-Nov-2022 14:37:48.412 INFO [main] org.apache.catalina.startup.VersionLoggerListener.log CATALINA_HOME:         /exports/syca221574/tomcat
09-Nov-2022 14:37:48.412 INFO [main] org.apache.catalina.startup.VersionLoggerListener.log Command line argument: -Djava.util.logging.config.file=/exports/syca221574/tomcat/conf/logging.properties
09-Nov-2022 14:37:48.412 INFO [main] org.apache.catalina.startup.VersionLoggerListener.log Command line argument: -Djava.util.logging.manager=org.apache.juli.ClassLoaderLogManager
09-Nov-2022 14:37:48.412 INFO [main] org.apache.catalina.startup.VersionLoggerListener.log Command line argument: -Djdk.tls.ephemeralDHKeySize=2048
09-Nov-2022 14:37:48.412 INFO [main] org.apache.catalina.startup.VersionLoggerListener.log Command line argument: -Djava.protocol.handler.pkgs=org.apache.catalina.webresources
09-Nov-2022 14:37:48.412 INFO [main] org.apache.catalina.startup.VersionLoggerListener.log Command line argument: -Dorg.apache.catalina.security.SecurityListener.UMASK=0027
09-Nov-2022 14:37:48.412 INFO [main] org.apache.catalina.startup.VersionLoggerListener.log Command line argument: -Dignore.endorsed.dirs=
09-Nov-2022 14:37:48.412 INFO [main] org.apache.catalina.startup.VersionLoggerListener.log Command line argument: -Dcatalina.base=/exports/syca221574/tomcat
09-Nov-2022 14:37:48.412 INFO [main] org.apache.catalina.startup.VersionLoggerListener.log Command line argument: -Dcatalina.home=/exports/syca221574/tomcat
09-Nov-2022 14:37:48.412 INFO [main] org.apache.catalina.startup.VersionLoggerListener.log Command line argument: -Djava.io.tmpdir=/exports/syca221574/tomcat/temp
09-Nov-2022 14:37:48.412 INFO [main] org.apache.catalina.core.AprLifecycleListener.lifecycleEvent The Apache Tomcat Native library which allows using OpenSSL was not found on the java.library.path: [/usr/java/packages/lib/amd64:/usr/lib64:/lib64:/lib:/usr/lib]
09-Nov-2022 14:37:48.450 INFO [main] org.apache.coyote.AbstractProtocol.init Initializing ProtocolHandler ["http-nio-8080"]
09-Nov-2022 14:37:48.459 INFO [main] org.apache.catalina.startup.Catalina.load Initialization processed in 239 ms
09-Nov-2022 14:37:48.471 INFO [main] org.apache.catalina.core.StandardService.startInternal Starting service [Catalina]
09-Nov-2022 14:37:48.471 INFO [main] org.apache.catalina.core.StandardEngine.startInternal Starting Servlet engine: [Apache Tomcat/8.5.76]
09-Nov-2022 14:37:48.476 INFO [localhost-startStop-1] org.apache.catalina.startup.HostConfig.deployDirectory Deploying web application directory [/exports/syca221574/tomcat/webapps/examples]
09-Nov-2022 14:37:48.833 INFO [localhost-startStop-1] org.apache.jasper.servlet.TldScanner.scanJars At least one JAR was scanned for TLDs yet contained no TLDs. Enable debug logging for this logger for a complete list of JARs that were scanned but no TLDs were found in them. Skipping unneeded JARs during scanning can improve startup time and JSP compilation time.
09-Nov-2022 14:37:48.867 INFO [localhost-startStop-1] org.apache.catalina.startup.HostConfig.deployDirectory Deployment of web application directory [/exports/syca221574/tomcat/webapps/examples] has finished in [391] ms
09-Nov-2022 14:37:48.867 INFO [localhost-startStop-1] org.apache.catalina.startup.HostConfig.deployDirectory Deploying web application directory [/exports/syca221574/tomcat/webapps/host-manager]
09-Nov-2022 14:37:48.952 INFO [localhost-startStop-1] org.apache.jasper.servlet.TldScanner.scanJars At least one JAR was scanned for TLDs yet contained no TLDs. Enable debug logging for this logger for a complete list of JARs that were scanned but no TLDs were found in them. Skipping unneeded JARs during scanning can improve startup time and JSP compilation time.
09-Nov-2022 14:37:48.954 INFO [localhost-startStop-1] org.apache.catalina.startup.HostConfig.deployDirectory Deployment of web application directory [/exports/syca221574/tomcat/webapps/host-manager] has finished in [87] ms
09-Nov-2022 14:37:48.954 INFO [localhost-startStop-1] org.apache.catalina.startup.HostConfig.deployDirectory Deploying web application directory [/exports/syca221574/tomcat/webapps/ROOT]
09-Nov-2022 14:37:49.032 INFO [localhost-startStop-1] org.apache.jasper.servlet.TldScanner.scanJars At least one JAR was scanned for TLDs yet contained no TLDs. Enable debug logging for this logger for a complete list of JARs that were scanned but no TLDs were found in them. Skipping unneeded JARs during scanning can improve startup time and JSP compilation time.
09-Nov-2022 14:37:49.040 INFO [localhost-startStop-1] org.apache.catalina.startup.HostConfig.deployDirectory Deployment of web application directory [/exports/syca221574/tomcat/webapps/ROOT] has finished in [86] ms
09-Nov-2022 14:37:49.040 INFO [localhost-startStop-1] org.apache.catalina.startup.HostConfig.deployDirectory Deploying web application directory [/exports/syca221574/tomcat/webapps/docs]
09-Nov-2022 14:37:49.129 INFO [localhost-startStop-1] org.apache.jasper.servlet.TldScanner.scanJars At least one JAR was scanned for TLDs yet contained no TLDs. Enable debug logging for this logger for a complete list of JARs that were scanned but no TLDs were found in them. Skipping unneeded JARs during scanning can improve startup time and JSP compilation time.
09-Nov-2022 14:37:49.129 INFO [localhost-startStop-1] org.apache.catalina.startup.HostConfig.deployDirectory Deployment of web application directory [/exports/syca221574/tomcat/webapps/docs] has finished in [89] ms
09-Nov-2022 14:37:49.129 INFO [localhost-startStop-1] org.apache.catalina.startup.HostConfig.deployDirectory Deploying web application directory [/exports/syca221574/tomcat/webapps/manager]
09-Nov-2022 14:37:49.210 INFO [localhost-startStop-1] org.apache.jasper.servlet.TldScanner.scanJars At least one JAR was scanned for TLDs yet contained no TLDs. Enable debug logging for this logger for a complete list of JARs that were scanned but no TLDs were found in them. Skipping unneeded JARs during scanning can improve startup time and JSP compilation time.
09-Nov-2022 14:37:49.211 INFO [localhost-startStop-1] org.apache.catalina.startup.HostConfig.deployDirectory Deployment of web application directory [/exports/syca221574/tomcat/webapps/manager] has finished in [82] ms
09-Nov-2022 14:37:49.212 INFO [main] org.apache.coyote.AbstractProtocol.start Starting ProtocolHandler ["http-nio-8080"]
09-Nov-2022 14:37:49.217 INFO [main] org.apache.catalina.startup.Catalina.start Server startup in 758 ms
09-Nov-2022 14:45:33.468 INFO [main] org.apache.catalina.startup.VersionLoggerListener.log Server version name:   Apache Tomcat/8.5.76
09-Nov-2022 14:45:33.469 INFO [main] org.apache.catalina.startup.VersionLoggerListener.log Server built:          Feb 23 2022 17:59:11 UTC
09-Nov-2022 14:45:33.469 INFO [main] org.apache.catalina.startup.VersionLoggerListener.log Server version number: 8.5.76.0
09-Nov-2022 14:45:33.469 INFO [main] org.apache.catalina.startup.VersionLoggerListener.log OS Name:               Linux
09-Nov-2022 14:45:33.469 INFO [main] org.apache.catalina.startup.VersionLoggerListener.log OS Version:            4.18.0-348.7.1.el8_5.x86_64
09-Nov-2022 14:45:33.469 INFO [main] org.apache.catalina.startup.VersionLoggerListener.log Architecture:          amd64
09-Nov-2022 14:45:33.469 INFO [main] org.apache.catalina.startup.VersionLoggerListener.log Java Home:             /usr/lib/jvm/java-1.8.0-openjdk-1.8.0.312.b07-2.el8_5.x86_64/jre
09-Nov-2022 14:45:33.469 INFO [main] org.apache.catalina.startup.VersionLoggerListener.log JVM Version:           1.8.0_312-b07
09-Nov-2022 14:45:33.469 INFO [main] org.apache.catalina.startup.VersionLoggerListener.log JVM Vendor:            Red Hat, Inc.
09-Nov-2022 14:45:33.469 INFO [main] org.apache.catalina.startup.VersionLoggerListener.log CATALINA_BASE:         /exports/syca221574/tomcat
09-Nov-2022 14:45:33.470 INFO [main] org.apache.catalina.startup.VersionLoggerListener.log CATALINA_HOME:         /exports/syca221574/tomcat
09-Nov-2022 14:45:33.470 INFO [main] org.apache.catalina.startup.VersionLoggerListener.log Command line argument: -Djava.util.logging.config.file=/exports/syca221574/tomcat/conf/logging.properties
09-Nov-2022 14:45:33.470 INFO [main] org.apache.catalina.startup.VersionLoggerListener.log Command line argument: -Djava.util.logging.manager=org.apache.juli.ClassLoaderLogManager
09-Nov-2022 14:45:33.470 INFO [main] org.apache.catalina.startup.VersionLoggerListener.log Command line argument: -Djdk.tls.ephemeralDHKeySize=2048
09-Nov-2022 14:45:33.470 INFO [main] org.apache.catalina.startup.VersionLoggerListener.log Command line argument: -Djava.protocol.handler.pkgs=org.apache.catalina.webresources
09-Nov-2022 14:45:33.470 INFO [main] org.apache.catalina.startup.VersionLoggerListener.log Command line argument: -Dorg.apache.catalina.security.SecurityListener.UMASK=0027
09-Nov-2022 14:45:33.470 INFO [main] org.apache.catalina.startup.VersionLoggerListener.log Command line argument: -Dignore.endorsed.dirs=
09-Nov-2022 14:45:33.475 INFO [main] org.apache.catalina.startup.VersionLoggerListener.log Command line argument: -Dcatalina.base=/exports/syca221574/tomcat
09-Nov-2022 14:45:33.475 INFO [main] org.apache.catalina.startup.VersionLoggerListener.log Command line argument: -Dcatalina.home=/exports/syca221574/tomcat
09-Nov-2022 14:45:33.475 INFO [main] org.apache.catalina.startup.VersionLoggerListener.log Command line argument: -Djava.io.tmpdir=/exports/syca221574/tomcat/temp
09-Nov-2022 14:45:33.475 INFO [main] org.apache.catalina.core.AprLifecycleListener.lifecycleEvent The Apache Tomcat Native library which allows using OpenSSL was not found on the java.library.path: [/usr/java/packages/lib/amd64:/usr/lib64:/lib64:/lib:/usr/lib]
09-Nov-2022 14:45:33.506 INFO [main] org.apache.coyote.AbstractProtocol.init Initializing ProtocolHandler ["http-nio-8080"]
09-Nov-2022 14:45:33.511 SEVERE [main] org.apache.catalina.core.StandardService.initInternal Failed to initialize connector [Connector[HTTP/1.1-8080]]
	org.apache.catalina.LifecycleException: Protocol handler initialization failed
		at org.apache.catalina.connector.Connector.initInternal(Connector.java:1114)
		at org.apache.catalina.util.LifecycleBase.init(LifecycleBase.java:136)
		at org.apache.catalina.core.StandardService.initInternal(StandardService.java:571)
		at org.apache.catalina.util.LifecycleBase.init(LifecycleBase.java:136)
		at org.apache.catalina.core.StandardServer.initInternal(StandardServer.java:874)
		at org.apache.catalina.util.LifecycleBase.init(LifecycleBase.java:136)
		at org.apache.catalina.startup.Catalina.load(Catalina.java:646)
		at org.apache.catalina.startup.Catalina.load(Catalina.java:669)
		at sun.reflect.NativeMethodAccessorImpl.invoke0(Native Method)
		at sun.reflect.NativeMethodAccessorImpl.invoke(NativeMethodAccessorImpl.java:62)
		at sun.reflect.DelegatingMethodAccessorImpl.invoke(DelegatingMethodAccessorImpl.java:43)
		at java.lang.reflect.Method.invoke(Method.java:498)
		at org.apache.catalina.startup.Bootstrap.load(Bootstrap.java:305)
		at org.apache.catalina.startup.Bootstrap.main(Bootstrap.java:475)
	Caused by: java.net.BindException: Address already in use
		at sun.nio.ch.Net.bind0(Native Method)
		at sun.nio.ch.Net.bind(Net.java:461)
		at sun.nio.ch.Net.bind(Net.java:453)
		at sun.nio.ch.ServerSocketChannelImpl.bind(ServerSocketChannelImpl.java:222)
		at sun.nio.ch.ServerSocketAdaptor.bind(ServerSocketAdaptor.java:85)
		at org.apache.tomcat.util.net.NioEndpoint.initServerSocket(NioEndpoint.java:224)
		at org.apache.tomcat.util.net.NioEndpoint.bind(NioEndpoint.java:200)
		at org.apache.tomcat.util.net.AbstractEndpoint.bindWithCleanup(AbstractEndpoint.java:1221)
		at org.apache.tomcat.util.net.AbstractEndpoint.init(AbstractEndpoint.java:1234)
		at org.apache.tomcat.util.net.AbstractJsseEndpoint.init(AbstractJsseEndpoint.java:222)
		at org.apache.coyote.AbstractProtocol.init(AbstractProtocol.java:633)
		at org.apache.coyote.http11.AbstractHttp11Protocol.init(AbstractHttp11Protocol.java:80)
		at org.apache.catalina.connector.Connector.initInternal(Connector.java:1111)
		... 13 more
09-Nov-2022 14:45:33.512 INFO [main] org.apache.catalina.startup.Catalina.load Initialization processed in 236 ms
09-Nov-2022 14:45:33.524 INFO [main] org.apache.catalina.core.StandardService.startInternal Starting service [Catalina]
09-Nov-2022 14:45:33.524 INFO [main] org.apache.catalina.core.StandardEngine.startInternal Starting Servlet engine: [Apache Tomcat/8.5.76]
09-Nov-2022 14:45:33.529 INFO [localhost-startStop-1] org.apache.catalina.startup.HostConfig.deployDirectory Deploying web application directory [/exports/syca221574/tomcat/webapps/examples]
09-Nov-2022 14:45:33.880 INFO [localhost-startStop-1] org.apache.jasper.servlet.TldScanner.scanJars At least one JAR was scanned for TLDs yet contained no TLDs. Enable debug logging for this logger for a complete list of JARs that were scanned but no TLDs were found in them. Skipping unneeded JARs during scanning can improve startup time and JSP compilation time.
09-Nov-2022 14:45:33.916 INFO [localhost-startStop-1] org.apache.catalina.startup.HostConfig.deployDirectory Deployment of web application directory [/exports/syca221574/tomcat/webapps/examples] has finished in [387] ms
09-Nov-2022 14:45:33.917 INFO [localhost-startStop-1] org.apache.catalina.startup.HostConfig.deployDirectory Deploying web application directory [/exports/syca221574/tomcat/webapps/host-manager]
09-Nov-2022 14:45:34.007 INFO [localhost-startStop-1] org.apache.jasper.servlet.TldScanner.scanJars At least one JAR was scanned for TLDs yet contained no TLDs. Enable debug logging for this logger for a complete list of JARs that were scanned but no TLDs were found in them. Skipping unneeded JARs during scanning can improve startup time and JSP compilation time.
09-Nov-2022 14:45:34.009 INFO [localhost-startStop-1] org.apache.catalina.startup.HostConfig.deployDirectory Deployment of web application directory [/exports/syca221574/tomcat/webapps/host-manager] has finished in [92] ms
09-Nov-2022 14:45:34.009 INFO [localhost-startStop-1] org.apache.catalina.startup.HostConfig.deployDirectory Deploying web application directory [/exports/syca221574/tomcat/webapps/ROOT]
09-Nov-2022 14:45:34.086 INFO [localhost-startStop-1] org.apache.jasper.servlet.TldScanner.scanJars At least one JAR was scanned for TLDs yet contained no TLDs. Enable debug logging for this logger for a complete list of JARs that were scanned but no TLDs were found in them. Skipping unneeded JARs during scanning can improve startup time and JSP compilation time.
09-Nov-2022 14:45:34.087 INFO [localhost-startStop-1] org.apache.catalina.startup.HostConfig.deployDirectory Deployment of web application directory [/exports/syca221574/tomcat/webapps/ROOT] has finished in [78] ms
09-Nov-2022 14:45:34.087 INFO [localhost-startStop-1] org.apache.catalina.startup.HostConfig.deployDirectory Deploying web application directory [/exports/syca221574/tomcat/webapps/docs]
09-Nov-2022 14:45:34.169 INFO [localhost-startStop-1] org.apache.jasper.servlet.TldScanner.scanJars At least one JAR was scanned for TLDs yet contained no TLDs. Enable debug logging for this logger for a complete list of JARs that were scanned but no TLDs were found in them. Skipping unneeded JARs during scanning can improve startup time and JSP compilation time.
09-Nov-2022 14:45:34.170 INFO [localhost-startStop-1] org.apache.catalina.startup.HostConfig.deployDirectory Deployment of web application directory [/exports/syca221574/tomcat/webapps/docs] has finished in [83] ms
09-Nov-2022 14:45:34.170 INFO [localhost-startStop-1] org.apache.catalina.startup.HostConfig.deployDirectory Deploying web application directory [/exports/syca221574/tomcat/webapps/manager]
09-Nov-2022 14:45:34.243 INFO [localhost-startStop-1] org.apache.jasper.servlet.TldScanner.scanJars At least one JAR was scanned for TLDs yet contained no TLDs. Enable debug logging for this logger for a complete list of JARs that were scanned but no TLDs were found in them. Skipping unneeded JARs during scanning can improve startup time and JSP compilation time.
09-Nov-2022 14:45:34.244 INFO [localhost-startStop-1] org.apache.catalina.startup.HostConfig.deployDirectory Deployment of web application directory [/exports/syca221574/tomcat/webapps/manager] has finished in [74] ms
09-Nov-2022 14:45:34.246 INFO [main] org.apache.catalina.startup.Catalina.start Server startup in 733 ms
09-Nov-2022 14:45:34.246 SEVERE [main] org.apache.catalina.core.StandardServer.await Failed to create server shutdown socket on address [localhost] and port [8005] (base port [8005] and offset [0])
	java.net.BindException: Address already in use (Bind failed)
		at java.net.PlainSocketImpl.socketBind(Native Method)
		at java.net.AbstractPlainSocketImpl.bind(AbstractPlainSocketImpl.java:387)
		at java.net.ServerSocket.bind(ServerSocket.java:390)
		at java.net.ServerSocket.<init>(ServerSocket.java:252)
		at org.apache.catalina.core.StandardServer.await(StandardServer.java:446)
		at org.apache.catalina.startup.Catalina.await(Catalina.java:783)
		at org.apache.catalina.startup.Catalina.start(Catalina.java:729)
		at sun.reflect.NativeMethodAccessorImpl.invoke0(Native Method)
		at sun.reflect.NativeMethodAccessorImpl.invoke(NativeMethodAccessorImpl.java:62)
		at sun.reflect.DelegatingMethodAccessorImpl.invoke(DelegatingMethodAccessorImpl.java:43)
		at java.lang.reflect.Method.invoke(Method.java:498)
		at org.apache.catalina.startup.Bootstrap.start(Bootstrap.java:345)
		at org.apache.catalina.startup.Bootstrap.main(Bootstrap.java:476)
09-Nov-2022 14:45:34.247 INFO [main] org.apache.coyote.AbstractProtocol.pause Pausing ProtocolHandler ["http-nio-8080"]
09-Nov-2022 14:45:34.247 INFO [main] org.apache.catalina.core.StandardService.stopInternal Stopping service [Catalina]
09-Nov-2022 14:45:34.256 INFO [main] org.apache.coyote.AbstractProtocol.stop Stopping ProtocolHandler ["http-nio-8080"]
09-Nov-2022 14:45:34.257 INFO [main] org.apache.coyote.AbstractProtocol.destroy Destroying ProtocolHandler ["http-nio-8080"]
09-Nov-2022 15:18:28.739 INFO [main] org.apache.catalina.startup.VersionLoggerListener.log Server version name:   Apache Tomcat/8.5.76
09-Nov-2022 15:18:28.740 INFO [main] org.apache.catalina.startup.VersionLoggerListener.log Server built:          Feb 23 2022 17:59:11 UTC
09-Nov-2022 15:18:28.740 INFO [main] org.apache.catalina.startup.VersionLoggerListener.log Server version number: 8.5.76.0
09-Nov-2022 15:18:28.740 INFO [main] org.apache.catalina.startup.VersionLoggerListener.log OS Name:               Linux
09-Nov-2022 15:18:28.740 INFO [main] org.apache.catalina.startup.VersionLoggerListener.log OS Version:            4.18.0-348.7.1.el8_5.x86_64
09-Nov-2022 15:18:28.740 INFO [main] org.apache.catalina.startup.VersionLoggerListener.log Architecture:          amd64
09-Nov-2022 15:18:28.740 INFO [main] org.apache.catalina.startup.VersionLoggerListener.log Java Home:             /usr/lib/jvm/java-1.8.0-openjdk-1.8.0.312.b07-2.el8_5.x86_64/jre
09-Nov-2022 15:18:28.740 INFO [main] org.apache.catalina.startup.VersionLoggerListener.log JVM Version:           1.8.0_312-b07
09-Nov-2022 15:18:28.740 INFO [main] org.apache.catalina.startup.VersionLoggerListener.log JVM Vendor:            Red Hat, Inc.
09-Nov-2022 15:18:28.740 INFO [main] org.apache.catalina.startup.VersionLoggerListener.log CATALINA_BASE:         /exports/syca221574/tomcat
09-Nov-2022 15:18:28.740 INFO [main] org.apache.catalina.startup.VersionLoggerListener.log CATALINA_HOME:         /exports/syca221574/tomcat
09-Nov-2022 15:18:28.740 INFO [main] org.apache.catalina.startup.VersionLoggerListener.log Command line argument: -Djava.util.logging.config.file=/exports/syca221574/tomcat/conf/logging.properties
09-Nov-2022 15:18:28.740 INFO [main] org.apache.catalina.startup.VersionLoggerListener.log Command line argument: -Djava.util.logging.manager=org.apache.juli.ClassLoaderLogManager
09-Nov-2022 15:18:28.740 INFO [main] org.apache.catalina.startup.VersionLoggerListener.log Command line argument: -Djdk.tls.ephemeralDHKeySize=2048
09-Nov-2022 15:18:28.740 INFO [main] org.apache.catalina.startup.VersionLoggerListener.log Command line argument: -Djava.protocol.handler.pkgs=org.apache.catalina.webresources
09-Nov-2022 15:18:28.740 INFO [main] org.apache.catalina.startup.VersionLoggerListener.log Command line argument: -Dorg.apache.catalina.security.SecurityListener.UMASK=0027
09-Nov-2022 15:18:28.740 INFO [main] org.apache.catalina.startup.VersionLoggerListener.log Command line argument: -Dignore.endorsed.dirs=
09-Nov-2022 15:18:28.746 INFO [main] org.apache.catalina.startup.VersionLoggerListener.log Command line argument: -Dcatalina.base=/exports/syca221574/tomcat
09-Nov-2022 15:18:28.746 INFO [main] org.apache.catalina.startup.VersionLoggerListener.log Command line argument: -Dcatalina.home=/exports/syca221574/tomcat
09-Nov-2022 15:18:28.746 INFO [main] org.apache.catalina.startup.VersionLoggerListener.log Command line argument: -Djava.io.tmpdir=/exports/syca221574/tomcat/temp
09-Nov-2022 15:18:28.746 INFO [main] org.apache.catalina.core.AprLifecycleListener.lifecycleEvent The Apache Tomcat Native library which allows using OpenSSL was not found on the java.library.path: [/usr/java/packages/lib/amd64:/usr/lib64:/lib64:/lib:/usr/lib]
09-Nov-2022 15:18:28.778 INFO [main] org.apache.coyote.AbstractProtocol.init Initializing ProtocolHandler ["http-nio-8080"]
09-Nov-2022 15:18:28.785 INFO [main] org.apache.catalina.startup.Catalina.load Initialization processed in 231 ms
09-Nov-2022 15:18:28.798 INFO [main] org.apache.catalina.core.StandardService.startInternal Starting service [Catalina]
09-Nov-2022 15:18:28.798 INFO [main] org.apache.catalina.core.StandardEngine.startInternal Starting Servlet engine: [Apache Tomcat/8.5.76]
09-Nov-2022 15:18:28.803 INFO [localhost-startStop-1] org.apache.catalina.startup.HostConfig.deployDirectory Deploying web application directory [/exports/syca221574/tomcat/webapps/examples]
09-Nov-2022 15:18:29.166 INFO [localhost-startStop-1] org.apache.jasper.servlet.TldScanner.scanJars At least one JAR was scanned for TLDs yet contained no TLDs. Enable debug logging for this logger for a complete list of JARs that were scanned but no TLDs were found in them. Skipping unneeded JARs during scanning can improve startup time and JSP compilation time.
09-Nov-2022 15:18:29.202 INFO [localhost-startStop-1] org.apache.catalina.startup.HostConfig.deployDirectory Deployment of web application directory [/exports/syca221574/tomcat/webapps/examples] has finished in [400] ms
09-Nov-2022 15:18:29.203 INFO [localhost-startStop-1] org.apache.catalina.startup.HostConfig.deployDirectory Deploying web application directory [/exports/syca221574/tomcat/webapps/host-manager]
09-Nov-2022 15:18:29.292 INFO [localhost-startStop-1] org.apache.jasper.servlet.TldScanner.scanJars At least one JAR was scanned for TLDs yet contained no TLDs. Enable debug logging for this logger for a complete list of JARs that were scanned but no TLDs were found in them. Skipping unneeded JARs during scanning can improve startup time and JSP compilation time.
09-Nov-2022 15:18:29.294 INFO [localhost-startStop-1] org.apache.catalina.startup.HostConfig.deployDirectory Deployment of web application directory [/exports/syca221574/tomcat/webapps/host-manager] has finished in [91] ms
09-Nov-2022 15:18:29.294 INFO [localhost-startStop-1] org.apache.catalina.startup.HostConfig.deployDirectory Deploying web application directory [/exports/syca221574/tomcat/webapps/ROOT]
09-Nov-2022 15:18:29.374 INFO [localhost-startStop-1] org.apache.jasper.servlet.TldScanner.scanJars At least one JAR was scanned for TLDs yet contained no TLDs. Enable debug logging for this logger for a complete list of JARs that were scanned but no TLDs were found in them. Skipping unneeded JARs during scanning can improve startup time and JSP compilation time.
09-Nov-2022 15:18:29.375 INFO [localhost-startStop-1] org.apache.catalina.startup.HostConfig.deployDirectory Deployment of web application directory [/exports/syca221574/tomcat/webapps/ROOT] has finished in [81] ms
09-Nov-2022 15:18:29.375 INFO [localhost-startStop-1] org.apache.catalina.startup.HostConfig.deployDirectory Deploying web application directory [/exports/syca221574/tomcat/webapps/docs]
09-Nov-2022 15:18:29.463 INFO [localhost-startStop-1] org.apache.jasper.servlet.TldScanner.scanJars At least one JAR was scanned for TLDs yet contained no TLDs. Enable debug logging for this logger for a complete list of JARs that were scanned but no TLDs were found in them. Skipping unneeded JARs during scanning can improve startup time and JSP compilation time.
09-Nov-2022 15:18:29.463 INFO [localhost-startStop-1] org.apache.catalina.startup.HostConfig.deployDirectory Deployment of web application directory [/exports/syca221574/tomcat/webapps/docs] has finished in [88] ms
09-Nov-2022 15:18:29.464 INFO [localhost-startStop-1] org.apache.catalina.startup.HostConfig.deployDirectory Deploying web application directory [/exports/syca221574/tomcat/webapps/manager]
09-Nov-2022 15:18:29.541 INFO [localhost-startStop-1] org.apache.jasper.servlet.TldScanner.scanJars At least one JAR was scanned for TLDs yet contained no TLDs. Enable debug logging for this logger for a complete list of JARs that were scanned but no TLDs were found in them. Skipping unneeded JARs during scanning can improve startup time and JSP compilation time.
09-Nov-2022 15:18:29.542 INFO [localhost-startStop-1] org.apache.catalina.startup.HostConfig.deployDirectory Deployment of web application directory [/exports/syca221574/tomcat/webapps/manager] has finished in [79] ms
09-Nov-2022 15:18:29.543 INFO [main] org.apache.coyote.AbstractProtocol.start Starting ProtocolHandler ["http-nio-8080"]
09-Nov-2022 15:18:29.548 INFO [main] org.apache.catalina.startup.Catalina.start Server startup in 762 ms
09-Nov-2022 15:30:59.749 INFO [ContainerBackgroundProcessor[StandardEngine[Catalina]]] org.apache.catalina.startup.HostConfig.reload Reloading context []
09-Nov-2022 15:30:59.749 INFO [ContainerBackgroundProcessor[StandardEngine[Catalina]]] org.apache.catalina.core.StandardContext.reload Reloading Context with name [] has started
09-Nov-2022 15:30:59.824 INFO [ContainerBackgroundProcessor[StandardEngine[Catalina]]] org.apache.jasper.servlet.TldScanner.scanJars At least one JAR was scanned for TLDs yet contained no TLDs. Enable debug logging for this logger for a complete list of JARs that were scanned but no TLDs were found in them. Skipping unneeded JARs during scanning can improve startup time and JSP compilation time.
09-Nov-2022 15:30:59.828 INFO [ContainerBackgroundProcessor[StandardEngine[Catalina]]] org.apache.catalina.core.StandardContext.reload Reloading Context with name [] is completed
09-Nov-2022 15:35:53.997 INFO [main] org.apache.catalina.startup.VersionLoggerListener.log Server version name:   Apache Tomcat/8.5.76
09-Nov-2022 15:35:53.998 INFO [main] org.apache.catalina.startup.VersionLoggerListener.log Server built:          Feb 23 2022 17:59:11 UTC
09-Nov-2022 15:35:53.998 INFO [main] org.apache.catalina.startup.VersionLoggerListener.log Server version number: 8.5.76.0
09-Nov-2022 15:35:53.998 INFO [main] org.apache.catalina.startup.VersionLoggerListener.log OS Name:               Linux
09-Nov-2022 15:35:53.998 INFO [main] org.apache.catalina.startup.VersionLoggerListener.log OS Version:            4.18.0-348.7.1.el8_5.x86_64
09-Nov-2022 15:35:53.998 INFO [main] org.apache.catalina.startup.VersionLoggerListener.log Architecture:          amd64
09-Nov-2022 15:35:53.998 INFO [main] org.apache.catalina.startup.VersionLoggerListener.log Java Home:             /usr/lib/jvm/java-1.8.0-openjdk-1.8.0.312.b07-2.el8_5.x86_64/jre
09-Nov-2022 15:35:53.998 INFO [main] org.apache.catalina.startup.VersionLoggerListener.log JVM Version:           1.8.0_312-b07
09-Nov-2022 15:35:53.998 INFO [main] org.apache.catalina.startup.VersionLoggerListener.log JVM Vendor:            Red Hat, Inc.
09-Nov-2022 15:35:53.998 INFO [main] org.apache.catalina.startup.VersionLoggerListener.log CATALINA_BASE:         /exports/syca221574/tomcat
09-Nov-2022 15:35:53.998 INFO [main] org.apache.catalina.startup.VersionLoggerListener.log CATALINA_HOME:         /exports/syca221574/tomcat
09-Nov-2022 15:35:53.998 INFO [main] org.apache.catalina.startup.VersionLoggerListener.log Command line argument: -Djava.util.logging.config.file=/exports/syca221574/tomcat/conf/logging.properties
09-Nov-2022 15:35:53.998 INFO [main] org.apache.catalina.startup.VersionLoggerListener.log Command line argument: -Djava.util.logging.manager=org.apache.juli.ClassLoaderLogManager
09-Nov-2022 15:35:53.998 INFO [main] org.apache.catalina.startup.VersionLoggerListener.log Command line argument: -Djdk.tls.ephemeralDHKeySize=2048
09-Nov-2022 15:35:53.999 INFO [main] org.apache.catalina.startup.VersionLoggerListener.log Command line argument: -Djava.protocol.handler.pkgs=org.apache.catalina.webresources
09-Nov-2022 15:35:53.999 INFO [main] org.apache.catalina.startup.VersionLoggerListener.log Command line argument: -Dorg.apache.catalina.security.SecurityListener.UMASK=0027
09-Nov-2022 15:35:53.999 INFO [main] org.apache.catalina.startup.VersionLoggerListener.log Command line argument: -Dignore.endorsed.dirs=
09-Nov-2022 15:35:54.004 INFO [main] org.apache.catalina.startup.VersionLoggerListener.log Command line argument: -Dcatalina.base=/exports/syca221574/tomcat
09-Nov-2022 15:35:54.004 INFO [main] org.apache.catalina.startup.VersionLoggerListener.log Command line argument: -Dcatalina.home=/exports/syca221574/tomcat
09-Nov-2022 15:35:54.004 INFO [main] org.apache.catalina.startup.VersionLoggerListener.log Command line argument: -Djava.io.tmpdir=/exports/syca221574/tomcat/temp
09-Nov-2022 15:35:54.004 INFO [main] org.apache.catalina.core.AprLifecycleListener.lifecycleEvent The Apache Tomcat Native library which allows using OpenSSL was not found on the java.library.path: [/usr/java/packages/lib/amd64:/usr/lib64:/lib64:/lib:/usr/lib]
09-Nov-2022 15:35:54.036 INFO [main] org.apache.coyote.AbstractProtocol.init Initializing ProtocolHandler ["http-nio-8080"]
09-Nov-2022 15:35:54.041 SEVERE [main] org.apache.catalina.core.StandardService.initInternal Failed to initialize connector [Connector[HTTP/1.1-8080]]
	org.apache.catalina.LifecycleException: Protocol handler initialization failed
		at org.apache.catalina.connector.Connector.initInternal(Connector.java:1114)
		at org.apache.catalina.util.LifecycleBase.init(LifecycleBase.java:136)
		at org.apache.catalina.core.StandardService.initInternal(StandardService.java:571)
		at org.apache.catalina.util.LifecycleBase.init(LifecycleBase.java:136)
		at org.apache.catalina.core.StandardServer.initInternal(StandardServer.java:874)
		at org.apache.catalina.util.LifecycleBase.init(LifecycleBase.java:136)
		at org.apache.catalina.startup.Catalina.load(Catalina.java:646)
		at org.apache.catalina.startup.Catalina.load(Catalina.java:669)
		at sun.reflect.NativeMethodAccessorImpl.invoke0(Native Method)
		at sun.reflect.NativeMethodAccessorImpl.invoke(NativeMethodAccessorImpl.java:62)
		at sun.reflect.DelegatingMethodAccessorImpl.invoke(DelegatingMethodAccessorImpl.java:43)
		at java.lang.reflect.Method.invoke(Method.java:498)
		at org.apache.catalina.startup.Bootstrap.load(Bootstrap.java:305)
		at org.apache.catalina.startup.Bootstrap.main(Bootstrap.java:475)
	Caused by: java.net.BindException: Address already in use
		at sun.nio.ch.Net.bind0(Native Method)
		at sun.nio.ch.Net.bind(Net.java:461)
		at sun.nio.ch.Net.bind(Net.java:453)
		at sun.nio.ch.ServerSocketChannelImpl.bind(ServerSocketChannelImpl.java:222)
		at sun.nio.ch.ServerSocketAdaptor.bind(ServerSocketAdaptor.java:85)
		at org.apache.tomcat.util.net.NioEndpoint.initServerSocket(NioEndpoint.java:224)
		at org.apache.tomcat.util.net.NioEndpoint.bind(NioEndpoint.java:200)
		at org.apache.tomcat.util.net.AbstractEndpoint.bindWithCleanup(AbstractEndpoint.java:1221)
		at org.apache.tomcat.util.net.AbstractEndpoint.init(AbstractEndpoint.java:1234)
		at org.apache.tomcat.util.net.AbstractJsseEndpoint.init(AbstractJsseEndpoint.java:222)
		at org.apache.coyote.AbstractProtocol.init(AbstractProtocol.java:633)
		at org.apache.coyote.http11.AbstractHttp11Protocol.init(AbstractHttp11Protocol.java:80)
		at org.apache.catalina.connector.Connector.initInternal(Connector.java:1111)
		... 13 more
09-Nov-2022 15:35:54.042 INFO [main] org.apache.catalina.startup.Catalina.load Initialization processed in 232 ms
09-Nov-2022 15:35:54.053 INFO [main] org.apache.catalina.core.StandardService.startInternal Starting service [Catalina]
09-Nov-2022 15:35:54.053 INFO [main] org.apache.catalina.core.StandardEngine.startInternal Starting Servlet engine: [Apache Tomcat/8.5.76]
09-Nov-2022 15:35:54.058 INFO [localhost-startStop-1] org.apache.catalina.startup.HostConfig.deployDirectory Deploying web application directory [/exports/syca221574/tomcat/webapps/examples]
09-Nov-2022 15:35:54.427 INFO [localhost-startStop-1] org.apache.jasper.servlet.TldScanner.scanJars At least one JAR was scanned for TLDs yet contained no TLDs. Enable debug logging for this logger for a complete list of JARs that were scanned but no TLDs were found in them. Skipping unneeded JARs during scanning can improve startup time and JSP compilation time.
09-Nov-2022 15:35:54.465 INFO [localhost-startStop-1] org.apache.catalina.startup.HostConfig.deployDirectory Deployment of web application directory [/exports/syca221574/tomcat/webapps/examples] has finished in [407] ms
09-Nov-2022 15:35:54.466 INFO [localhost-startStop-1] org.apache.catalina.startup.HostConfig.deployDirectory Deploying web application directory [/exports/syca221574/tomcat/webapps/host-manager]
09-Nov-2022 15:35:54.557 INFO [localhost-startStop-1] org.apache.jasper.servlet.TldScanner.scanJars At least one JAR was scanned for TLDs yet contained no TLDs. Enable debug logging for this logger for a complete list of JARs that were scanned but no TLDs were found in them. Skipping unneeded JARs during scanning can improve startup time and JSP compilation time.
09-Nov-2022 15:35:54.559 INFO [localhost-startStop-1] org.apache.catalina.startup.HostConfig.deployDirectory Deployment of web application directory [/exports/syca221574/tomcat/webapps/host-manager] has finished in [93] ms
09-Nov-2022 15:35:54.559 INFO [localhost-startStop-1] org.apache.catalina.startup.HostConfig.deployDirectory Deploying web application directory [/exports/syca221574/tomcat/webapps/ROOT]
09-Nov-2022 15:35:54.644 INFO [localhost-startStop-1] org.apache.jasper.servlet.TldScanner.scanJars At least one JAR was scanned for TLDs yet contained no TLDs. Enable debug logging for this logger for a complete list of JARs that were scanned but no TLDs were found in them. Skipping unneeded JARs during scanning can improve startup time and JSP compilation time.
09-Nov-2022 15:35:54.645 INFO [localhost-startStop-1] org.apache.catalina.startup.HostConfig.deployDirectory Deployment of web application directory [/exports/syca221574/tomcat/webapps/ROOT] has finished in [86] ms
09-Nov-2022 15:35:54.646 INFO [localhost-startStop-1] org.apache.catalina.startup.HostConfig.deployDirectory Deploying web application directory [/exports/syca221574/tomcat/webapps/docs]
09-Nov-2022 15:35:54.729 INFO [localhost-startStop-1] org.apache.jasper.servlet.TldScanner.scanJars At least one JAR was scanned for TLDs yet contained no TLDs. Enable debug logging for this logger for a complete list of JARs that were scanned but no TLDs were found in them. Skipping unneeded JARs during scanning can improve startup time and JSP compilation time.
09-Nov-2022 15:35:54.730 INFO [localhost-startStop-1] org.apache.catalina.startup.HostConfig.deployDirectory Deployment of web application directory [/exports/syca221574/tomcat/webapps/docs] has finished in [84] ms
09-Nov-2022 15:35:54.730 INFO [localhost-startStop-1] org.apache.catalina.startup.HostConfig.deployDirectory Deploying web application directory [/exports/syca221574/tomcat/webapps/manager]
09-Nov-2022 15:35:54.804 INFO [localhost-startStop-1] org.apache.jasper.servlet.TldScanner.scanJars At least one JAR was scanned for TLDs yet contained no TLDs. Enable debug logging for this logger for a complete list of JARs that were scanned but no TLDs were found in them. Skipping unneeded JARs during scanning can improve startup time and JSP compilation time.
09-Nov-2022 15:35:54.805 INFO [localhost-startStop-1] org.apache.catalina.startup.HostConfig.deployDirectory Deployment of web application directory [/exports/syca221574/tomcat/webapps/manager] has finished in [74] ms
09-Nov-2022 15:35:54.806 INFO [main] org.apache.catalina.startup.Catalina.start Server startup in 764 ms
09-Nov-2022 15:35:54.807 SEVERE [main] org.apache.catalina.core.StandardServer.await Failed to create server shutdown socket on address [localhost] and port [8005] (base port [8005] and offset [0])
	java.net.BindException: Address already in use (Bind failed)
		at java.net.PlainSocketImpl.socketBind(Native Method)
		at java.net.AbstractPlainSocketImpl.bind(AbstractPlainSocketImpl.java:387)
		at java.net.ServerSocket.bind(ServerSocket.java:390)
		at java.net.ServerSocket.<init>(ServerSocket.java:252)
		at org.apache.catalina.core.StandardServer.await(StandardServer.java:446)
		at org.apache.catalina.startup.Catalina.await(Catalina.java:783)
		at org.apache.catalina.startup.Catalina.start(Catalina.java:729)
		at sun.reflect.NativeMethodAccessorImpl.invoke0(Native Method)
		at sun.reflect.NativeMethodAccessorImpl.invoke(NativeMethodAccessorImpl.java:62)
		at sun.reflect.DelegatingMethodAccessorImpl.invoke(DelegatingMethodAccessorImpl.java:43)
		at java.lang.reflect.Method.invoke(Method.java:498)
		at org.apache.catalina.startup.Bootstrap.start(Bootstrap.java:345)
		at org.apache.catalina.startup.Bootstrap.main(Bootstrap.java:476)
09-Nov-2022 15:35:54.807 INFO [main] org.apache.coyote.AbstractProtocol.pause Pausing ProtocolHandler ["http-nio-8080"]
09-Nov-2022 15:35:54.807 INFO [main] org.apache.catalina.core.StandardService.stopInternal Stopping service [Catalina]
09-Nov-2022 15:35:54.816 INFO [main] org.apache.coyote.AbstractProtocol.stop Stopping ProtocolHandler ["http-nio-8080"]
09-Nov-2022 15:35:54.816 INFO [main] org.apache.coyote.AbstractProtocol.destroy Destroying ProtocolHandler ["http-nio-8080"]
